# Logfile created on 2021-03-19 14:22:45 -0300 by logger.rb/61378
D, [2021-03-19T14:22:45.474131 #12356] DEBUG -- : MONGODB | Topology type 'unknown' initializing.
D, [2021-03-19T14:22:45.474721 #12356] DEBUG -- : MONGODB | There was a change in the members of the 'Unknown' topology.
D, [2021-03-19T14:22:45.475159 #12356] DEBUG -- : MONGODB | Server rocklov-db:27017 initializing.
D, [2021-03-19T14:22:45.476036 #12356] DEBUG -- : MONGODB | Waiting for up to 30.00 seconds for servers to be scanned: #<Cluster topology=Unknown[rocklov-db:27017] servers=[#<Server address=rocklov-db:27017 UNKNOWN>]>
D, [2021-03-19T14:22:45.547302 #12356] DEBUG -- : MONGODB | Server description for rocklov-db:27017 changed from 'unknown' to 'standalone'.
D, [2021-03-19T14:22:45.547934 #12356] DEBUG -- : MONGODB | Topology type 'Unknown' changed to type 'Single'.
D, [2021-03-19T14:22:45.575129 #12356] DEBUG -- : MONGODB | Server description for rocklov-db:27017 changed from 'standalone' to 'standalone'.
D, [2021-03-19T14:22:45.575482 #12356] DEBUG -- : MONGODB | There was a change in the members of the 'Single' topology.
D, [2021-03-19T14:22:45.577206 #12356] DEBUG -- : MONGODB | rocklov-db:27017 req:7 conn:1:1 sconn:21 | rocklov.delete | STARTED | {"delete"=>"users", "ordered"=>true, "deletes"=>[{"q"=>{"email"=>"ana@bol.com.br"}, "limit"=>0}], "$db"=>"rocklov", "lsid"=>{"id"=><BSON::Binary:0x47051440 type=uuid data=0xee5a5833994c4e79...>}}
D, [2021-03-19T14:22:45.589600 #12356] DEBUG -- : MONGODB | rocklov-db:27017 req:7 | rocklov.delete | SUCCEEDED | 0.012s
D, [2021-03-19T14:22:45.650806 #12356] DEBUG -- : MONGODB | Server description for rocklov-db:27017 changed from 'standalone' to 'standalone'.
D, [2021-03-19T14:22:45.651064 #12356] DEBUG -- : MONGODB | There was a change in the members of the 'Single' topology.
D, [2021-03-19T14:22:45.675035 #12356] DEBUG -- : MONGODB | rocklov-db:27017 req:9 conn:1:2 sconn:22 | admin.endSessions | STARTED | {"endSessions"=>[{"id"=><BSON::Binary:0x47051440 type=uuid data=0xee5a5833994c4e79...>}], "$db"=>"admin"}
D, [2021-03-19T14:22:45.695866 #12356] DEBUG -- : MONGODB | rocklov-db:27017 req:9 | admin.endSessions | SUCCEEDED | 0.020s
D, [2021-03-19T14:22:51.018850 #4656] DEBUG -- : MONGODB | Topology type 'unknown' initializing.
D, [2021-03-19T14:22:51.019570 #4656] DEBUG -- : MONGODB | There was a change in the members of the 'Unknown' topology.
D, [2021-03-19T14:22:51.019939 #4656] DEBUG -- : MONGODB | Server rocklov-db:27017 initializing.
D, [2021-03-19T14:22:51.020379 #4656] DEBUG -- : MONGODB | Waiting for up to 30.00 seconds for servers to be scanned: #<Cluster topology=Unknown[rocklov-db:27017] servers=[#<Server address=rocklov-db:27017 UNKNOWN>]>
D, [2021-03-19T14:22:51.045036 #4656] DEBUG -- : MONGODB | Server description for rocklov-db:27017 changed from 'unknown' to 'standalone'.
D, [2021-03-19T14:22:51.045522 #4656] DEBUG -- : MONGODB | Topology type 'Unknown' changed to type 'Single'.
D, [2021-03-19T14:22:51.059699 #4656] DEBUG -- : MONGODB | Server description for rocklov-db:27017 changed from 'standalone' to 'standalone'.
D, [2021-03-19T14:22:51.060063 #4656] DEBUG -- : MONGODB | There was a change in the members of the 'Single' topology.
D, [2021-03-19T14:22:51.061006 #4656] DEBUG -- : MONGODB | rocklov-db:27017 req:7 conn:1:1 sconn:24 | rocklov.delete | STARTED | {"delete"=>"users", "ordered"=>true, "deletes"=>[{"q"=>{"email"=>"ana@bol.com.br"}, "limit"=>0}], "$db"=>"rocklov", "lsid"=>{"id"=><BSON::Binary:0x47206820 type=uuid data=0x8c0657b9fe894c59...>}}
D, [2021-03-19T14:22:51.075008 #4656] DEBUG -- : MONGODB | rocklov-db:27017 req:7 | rocklov.delete | SUCCEEDED | 0.014s
D, [2021-03-19T14:22:51.136987 #4656] DEBUG -- : MONGODB | Server description for rocklov-db:27017 changed from 'standalone' to 'standalone'.
D, [2021-03-19T14:22:51.137356 #4656] DEBUG -- : MONGODB | There was a change in the members of the 'Single' topology.
D, [2021-03-19T14:22:51.138056 #4656] DEBUG -- : MONGODB | rocklov-db:27017 req:9 conn:1:2 sconn:25 | admin.endSessions | STARTED | {"endSessions"=>[{"id"=><BSON::Binary:0x47206820 type=uuid data=0x8c0657b9fe894c59...>}], "$db"=>"admin"}
D, [2021-03-19T14:22:51.151986 #4656] DEBUG -- : MONGODB | rocklov-db:27017 req:9 | admin.endSessions | SUCCEEDED | 0.014s
D, [2021-03-19T14:22:54.838524 #15148] DEBUG -- : MONGODB | Topology type 'unknown' initializing.
D, [2021-03-19T14:22:54.839177 #15148] DEBUG -- : MONGODB | There was a change in the members of the 'Unknown' topology.
D, [2021-03-19T14:22:54.839458 #15148] DEBUG -- : MONGODB | Server rocklov-db:27017 initializing.
D, [2021-03-19T14:22:54.840182 #15148] DEBUG -- : MONGODB | Waiting for up to 30.00 seconds for servers to be scanned: #<Cluster topology=Unknown[rocklov-db:27017] servers=[#<Server address=rocklov-db:27017 UNKNOWN>]>
D, [2021-03-19T14:22:54.863860 #15148] DEBUG -- : MONGODB | Server description for rocklov-db:27017 changed from 'unknown' to 'standalone'.
D, [2021-03-19T14:22:54.864317 #15148] DEBUG -- : MONGODB | Topology type 'Unknown' changed to type 'Single'.
D, [2021-03-19T14:22:54.894030 #15148] DEBUG -- : MONGODB | Server description for rocklov-db:27017 changed from 'standalone' to 'standalone'.
D, [2021-03-19T14:22:54.894302 #15148] DEBUG -- : MONGODB | There was a change in the members of the 'Single' topology.
D, [2021-03-19T14:22:54.895256 #15148] DEBUG -- : MONGODB | rocklov-db:27017 req:7 conn:1:1 sconn:27 | rocklov.delete | STARTED | {"delete"=>"users", "ordered"=>true, "deletes"=>[{"q"=>{"email"=>"ana@bol.com.br"}, "limit"=>0}], "$db"=>"rocklov", "lsid"=>{"id"=><BSON::Binary:0x47192140 type=uuid data=0x2649843d9c7341dd...>}}
D, [2021-03-19T14:22:54.909312 #15148] DEBUG -- : MONGODB | rocklov-db:27017 req:7 | rocklov.delete | SUCCEEDED | 0.014s
D, [2021-03-19T14:22:55.016879 #15148] DEBUG -- : MONGODB | Server description for rocklov-db:27017 changed from 'standalone' to 'standalone'.
D, [2021-03-19T14:22:55.017158 #15148] DEBUG -- : MONGODB | There was a change in the members of the 'Single' topology.
D, [2021-03-19T14:22:55.017770 #15148] DEBUG -- : MONGODB | rocklov-db:27017 req:9 conn:1:2 sconn:28 | admin.endSessions | STARTED | {"endSessions"=>[{"id"=><BSON::Binary:0x47192140 type=uuid data=0x2649843d9c7341dd...>}], "$db"=>"admin"}
D, [2021-03-19T14:22:55.031941 #15148] DEBUG -- : MONGODB | rocklov-db:27017 req:9 | admin.endSessions | SUCCEEDED | 0.014s
D, [2021-03-20T14:24:41.188422 #11632] DEBUG -- : MONGODB | Topology type 'unknown' initializing.
D, [2021-03-20T14:24:41.198190 #11632] DEBUG -- : MONGODB | There was a change in the members of the 'Unknown' topology.
D, [2021-03-20T14:24:41.198446 #11632] DEBUG -- : MONGODB | Server rocklov-db:27017 initializing.
D, [2021-03-20T14:24:41.198745 #11632] DEBUG -- : MONGODB | Waiting for up to 30.00 seconds for servers to be scanned: #<Cluster topology=Unknown[rocklov-db:27017] servers=[#<Server address=rocklov-db:27017 UNKNOWN>]>
D, [2021-03-20T14:24:41.220054 #11632] DEBUG -- : MONGODB | Server description for rocklov-db:27017 changed from 'unknown' to 'standalone'.
D, [2021-03-20T14:24:41.220429 #11632] DEBUG -- : MONGODB | Topology type 'Unknown' changed to type 'Single'.
D, [2021-03-20T14:24:41.277383 #11632] DEBUG -- : MONGODB | Server description for rocklov-db:27017 changed from 'standalone' to 'standalone'.
D, [2021-03-20T14:24:41.277628 #11632] DEBUG -- : MONGODB | There was a change in the members of the 'Single' topology.
D, [2021-03-20T14:24:41.278483 #11632] DEBUG -- : MONGODB | rocklov-db:27017 req:7 conn:1:1 sconn:4 | rocklov.delete | STARTED | {"delete"=>"users", "ordered"=>true, "deletes"=>[{"q"=>{"email"=>"ana@bol.com.br"}, "limit"=>0}], "$db"=>"rocklov", "lsid"=>{"id"=><BSON::Binary:0x47562540 type=uuid data=0x049f190aceac4bba...>}}
D, [2021-03-20T14:24:41.323922 #11632] DEBUG -- : MONGODB | rocklov-db:27017 req:7 | rocklov.delete | SUCCEEDED | 0.045s
D, [2021-03-20T14:24:41.433323 #11632] DEBUG -- : MONGODB | Server description for rocklov-db:27017 changed from 'standalone' to 'standalone'.
D, [2021-03-20T14:24:41.433664 #11632] DEBUG -- : MONGODB | There was a change in the members of the 'Single' topology.
D, [2021-03-20T14:24:41.434327 #11632] DEBUG -- : MONGODB | rocklov-db:27017 req:9 conn:1:2 sconn:5 | admin.endSessions | STARTED | {"endSessions"=>[{"id"=><BSON::Binary:0x47562540 type=uuid data=0x049f190aceac4bba...>}], "$db"=>"admin"}
D, [2021-03-20T14:24:41.448448 #11632] DEBUG -- : MONGODB | rocklov-db:27017 req:9 | admin.endSessions | SUCCEEDED | 0.014s
